Using pre-set license
Built from '2020.2/staging' branch; Version is '2020.2.6f1 (8a2143876886) revision 9052483'; Using compiler version '192528614'; Build Type 'Release'
OS: 'Windows 10 Home; OS build 19042.1165; Version 2009; 64bit' Language: 'nl' Physical Memory: 16230 MB
BatchMode: 1, IsHumanControllingUs: 0, StartBugReporterOnCrash: 0, Is64bit: 1, IsPro: 0

 COMMAND LINE ARGUMENTS:
D:\Unity\2020.2.6f1\Editor\Unity.exe
-adb2
-batchMode
-noUpm
-name
AssetImportWorker0
-projectPath
D:/School/3/Exho/Git/CultFiction/CultFiction
-logFile
Logs/AssetImportWorker0.log
-srvPort
62695
Successfully changed project path to: D:/School/3/Exho/Git/CultFiction/CultFiction
D:/School/3/Exho/Git/CultFiction/CultFiction
Using Asset Import Pipeline V2.
Refreshing native plugins compatible for Editor in 20.25 ms, found 0 plugins.
Preloading 0 native plugins for Editor in 0.00 ms.
Initialize engine version: 2020.2.6f1 (8a2143876886)
[Subsystems] Discovering subsystems at path D:/Unity/2020.2.6f1/Editor/Data/Resources/UnitySubsystems
[Subsystems] Discovering subsystems at path D:/School/3/Exho/Git/CultFiction/CultFiction/Assets
GfxDevice: creating device client; threaded=0
Direct3D:
    Version:  Direct3D 11.0 [level 11.1]
    Renderer: NVIDIA GeForce GTX 1050 Ti (ID=0x1c8c)
    Vendor:   
    VRAM:     4021 MB
    Driver:   26.21.14.4108
Initialize mono
Mono path[0] = 'D:/Unity/2020.2.6f1/Editor/Data/Managed'
Mono path[1] = 'D:/Unity/2020.2.6f1/Editor/Data/MonoBleedingEdge/lib/mono/unityjit'
Mono config path = 'D:/Unity/2020.2.6f1/Editor/Data/MonoBleedingEdge/etc'
Using monoOptions --debugger-agent=transport=dt_socket,embedding=1,server=y,suspend=n,address=127.0.0.1:56424
Begin MonoManager ReloadAssembly
Registering precompiled unity dll's ...
Register platform support module: D:/Unity/2020.2.6f1/Editor/Data/PlaybackEngines/WebGLSupport/UnityEditor.WebGL.Extensions.dll
Register platform support module: D:/Unity/2020.2.6f1/Editor/Data/PlaybackEngines/WindowsStandaloneSupport/UnityEditor.WindowsStandalone.Extensions.dll
Registered in 0.001146 seconds.
Native extension for WindowsStandalone target not found
Native extension for WebGL target not found
Refreshing native plugins compatible for Editor in 22.35 ms, found 0 plugins.
Preloading 0 native plugins for Editor in 0.00 ms.
Invoked RoslynAnalysisRunner static constructor.
RoslynAnalysisRunner will not be running.
RoslynAnalysisRunner has terminated.
Mono: successfully reloaded assembly
- Completed reload, in  1.490 seconds
Platform modules already initialized, skipping
Registering precompiled user dll's ...
Registered in 0.000508 seconds.
Begin MonoManager ReloadAssembly
Native extension for WindowsStandalone target not found
Native extension for WebGL target not found
Refreshing native plugins compatible for Editor in 0.19 ms, found 0 plugins.
Preloading 0 native plugins for Editor in 0.00 ms.
Invoked RoslynAnalysisRunner static constructor.
RoslynAnalysisRunner will not be running.
RoslynAnalysisRunner has terminated.
Mono: successfully reloaded assembly
- Completed reload, in  0.764 seconds
Platform modules already initialized, skipping
========================================================================
Worker process is ready to serve import requests
Launched and connected shader compiler UnityShaderCompiler.exe after 0.05 seconds
Refreshing native plugins compatible for Editor in 0.20 ms, found 0 plugins.
Preloading 0 native plugins for Editor in 0.00 ms.
Unloading 1110 Unused Serialized files (Serialized files now loaded: 0)
System memory in use before: 56.8 MB.
System memory in use after: 56.9 MB.

Unloading 9 unused Assets to reduce memory usage. Loaded Objects now: 1552.
Total: 1.808800 ms (FindLiveObjects: 0.206100 ms CreateObjectMapping: 0.060600 ms MarkObjects: 1.468100 ms  DeleteObjects: 0.072600 ms)

========================================================================
Received Import Request.
  path: Assets/Scripts/PlayerBehaviour.cs
  artifactKey: Guid(3568c2b5a6606634fb2cd082f36ee4e3) Importer(815301076,1909f56bfc062723c751e8b465ee728b)
Start importing Assets/Scripts/PlayerBehaviour.cs using Guid(3568c2b5a6606634fb2cd082f36ee4e3) Importer(815301076,1909f56bfc062723c751e8b465ee728b)  -> (artifact id: '7b0afcd55697f0dc97344edf6fb2f0a3') in 0.066976 seconds
  Import took 0.099937 seconds .

========================================================================
Received Prepare
Registering precompiled user dll's ...
Registered in 0.000454 seconds.
Begin MonoManager ReloadAssembly
Native extension for WindowsStandalone target not found
Native extension for WebGL target not found
Refreshing native plugins compatible for Editor in 0.19 ms, found 0 plugins.
Preloading 0 native plugins for Editor in 0.00 ms.
Invoked RoslynAnalysisRunner static constructor.
RoslynAnalysisRunner will not be running.
RoslynAnalysisRunner has terminated.
Mono: successfully reloaded assembly
- Completed reload, in  0.698 seconds
Platform modules already initialized, skipping
Refreshing native plugins compatible for Editor in 0.19 ms, found 0 plugins.
Preloading 0 native plugins for Editor in 0.00 ms.
Unloading 1104 Unused Serialized files (Serialized files now loaded: 0)
System memory in use before: 56.7 MB.
System memory in use after: 56.8 MB.

Unloading 4 unused Assets to reduce memory usage. Loaded Objects now: 1554.
Total: 1.573500 ms (FindLiveObjects: 0.111200 ms CreateObjectMapping: 0.029400 ms MarkObjects: 1.420000 ms  DeleteObjects: 0.012200 ms)

========================================================================
Received Import Request.
  Time since last request: 80.817558 seconds.
  path: Assets/Scripts/PlayerBehaviour.cs
  artifactKey: Guid(3568c2b5a6606634fb2cd082f36ee4e3) Importer(815301076,1909f56bfc062723c751e8b465ee728b)
Start importing Assets/Scripts/PlayerBehaviour.cs using Guid(3568c2b5a6606634fb2cd082f36ee4e3) Importer(815301076,1909f56bfc062723c751e8b465ee728b)  -> (artifact id: 'a20c7a3babf72a2a86441e62d7f6e3d2') in 0.003491 seconds
  Import took 0.024655 seconds .

========================================================================
Received Prepare
Registering precompiled user dll's ...
Registered in 0.000467 seconds.
Begin MonoManager ReloadAssembly
Native extension for WindowsStandalone target not found
Native extension for WebGL target not found
Refreshing native plugins compatible for Editor in 0.18 ms, found 0 plugins.
Preloading 0 native plugins for Editor in 0.00 ms.
Invoked RoslynAnalysisRunner static constructor.
RoslynAnalysisRunner will not be running.
RoslynAnalysisRunner has terminated.
Mono: successfully reloaded assembly
- Completed reload, in  0.715 seconds
Platform modules already initialized, skipping
Refreshing native plugins compatible for Editor in 0.19 ms, found 0 plugins.
Preloading 0 native plugins for Editor in 0.00 ms.
Unloading 1104 Unused Serialized files (Serialized files now loaded: 0)
System memory in use before: 56.7 MB.
System memory in use after: 56.8 MB.

Unloading 4 unused Assets to reduce memory usage. Loaded Objects now: 1556.
Total: 1.680400 ms (FindLiveObjects: 0.118600 ms CreateObjectMapping: 0.028800 ms MarkObjects: 1.519600 ms  DeleteObjects: 0.012500 ms)

========================================================================
Received Import Request.
  Time since last request: 24.396393 seconds.
  path: Assets/Scripts/PlayerBehaviour.cs
  artifactKey: Guid(3568c2b5a6606634fb2cd082f36ee4e3) Importer(815301076,1909f56bfc062723c751e8b465ee728b)
Start importing Assets/Scripts/PlayerBehaviour.cs using Guid(3568c2b5a6606634fb2cd082f36ee4e3) Importer(815301076,1909f56bfc062723c751e8b465ee728b)  -> (artifact id: '169599eda08b320139b35af0bce32153') in 0.003978 seconds
  Import took 0.005713 seconds .

========================================================================
Received Import Request.
  Time since last request: 1.415721 seconds.
  path: Assets/Scripts/PlayerBehaviour.cs
  artifactKey: Guid(3568c2b5a6606634fb2cd082f36ee4e3) Importer(815301076,1909f56bfc062723c751e8b465ee728b)
Start importing Assets/Scripts/PlayerBehaviour.cs using Guid(3568c2b5a6606634fb2cd082f36ee4e3) Importer(815301076,1909f56bfc062723c751e8b465ee728b)  -> (artifact id: '169599eda08b320139b35af0bce32153') in 0.002782 seconds
  Import took 0.004523 seconds .

========================================================================
Received Prepare
Registering precompiled user dll's ...
Registered in 0.000507 seconds.
Begin MonoManager ReloadAssembly
Native extension for WindowsStandalone target not found
Native extension for WebGL target not found
Refreshing native plugins compatible for Editor in 0.22 ms, found 0 plugins.
Preloading 0 native plugins for Editor in 0.00 ms.
Invoked RoslynAnalysisRunner static constructor.
RoslynAnalysisRunner will not be running.
RoslynAnalysisRunner has terminated.
Mono: successfully reloaded assembly
- Completed reload, in  0.704 seconds
Platform modules already initialized, skipping
Refreshing native plugins compatible for Editor in 0.18 ms, found 0 plugins.
Preloading 0 native plugins for Editor in 0.00 ms.
Unloading 1104 Unused Serialized files (Serialized files now loaded: 0)
System memory in use before: 56.7 MB.
System memory in use after: 56.8 MB.

Unloading 4 unused Assets to reduce memory usage. Loaded Objects now: 1558.
Total: 1.670100 ms (FindLiveObjects: 0.149000 ms CreateObjectMapping: 0.048400 ms MarkObjects: 1.456400 ms  DeleteObjects: 0.015200 ms)

========================================================================
Received Prepare
Registering precompiled user dll's ...
Registered in 0.000538 seconds.
Begin MonoManager ReloadAssembly
Native extension for WindowsStandalone target not found
Native extension for WebGL target not found
Refreshing native plugins compatible for Editor in 0.18 ms, found 0 plugins.
Preloading 0 native plugins for Editor in 0.00 ms.
Invoked RoslynAnalysisRunner static constructor.
RoslynAnalysisRunner will not be running.
RoslynAnalysisRunner has terminated.
Mono: successfully reloaded assembly
- Completed reload, in  0.686 seconds
Platform modules already initialized, skipping
Refreshing native plugins compatible for Editor in 0.21 ms, found 0 plugins.
Preloading 0 native plugins for Editor in 0.00 ms.
Unloading 1104 Unused Serialized files (Serialized files now loaded: 0)
System memory in use before: 56.7 MB.
System memory in use after: 56.8 MB.

Unloading 4 unused Assets to reduce memory usage. Loaded Objects now: 1560.
Total: 1.688400 ms (FindLiveObjects: 0.122200 ms CreateObjectMapping: 0.034500 ms MarkObjects: 1.516500 ms  DeleteObjects: 0.014400 ms)

========================================================================
Received Prepare
Registering precompiled user dll's ...
Registered in 0.000455 seconds.
Begin MonoManager ReloadAssembly
Native extension for WindowsStandalone target not found
Native extension for WebGL target not found
Refreshing native plugins compatible for Editor in 0.19 ms, found 0 plugins.
Preloading 0 native plugins for Editor in 0.00 ms.
Invoked RoslynAnalysisRunner static constructor.
RoslynAnalysisRunner will not be running.
RoslynAnalysisRunner has terminated.
Mono: successfully reloaded assembly
- Completed reload, in  0.677 seconds
Platform modules already initialized, skipping
Refreshing native plugins compatible for Editor in 0.19 ms, found 0 plugins.
Preloading 0 native plugins for Editor in 0.00 ms.
Unloading 1104 Unused Serialized files (Serialized files now loaded: 0)
System memory in use before: 56.7 MB.
System memory in use after: 56.8 MB.

Unloading 4 unused Assets to reduce memory usage. Loaded Objects now: 1562.
Total: 1.548200 ms (FindLiveObjects: 0.149900 ms CreateObjectMapping: 0.050100 ms MarkObjects: 1.333100 ms  DeleteObjects: 0.013700 ms)

========================================================================
Received Prepare
Registering precompiled user dll's ...
Registered in 0.000462 seconds.
Begin MonoManager ReloadAssembly
Native extension for WindowsStandalone target not found
Native extension for WebGL target not found
Refreshing native plugins compatible for Editor in 0.19 ms, found 0 plugins.
Preloading 0 native plugins for Editor in 0.00 ms.
Invoked RoslynAnalysisRunner static constructor.
RoslynAnalysisRunner will not be running.
RoslynAnalysisRunner has terminated.
Mono: successfully reloaded assembly
- Completed reload, in  0.697 seconds
Platform modules already initialized, skipping
Refreshing native plugins compatible for Editor in 0.19 ms, found 0 plugins.
Preloading 0 native plugins for Editor in 0.00 ms.
Unloading 1104 Unused Serialized files (Serialized files now loaded: 0)
System memory in use before: 56.7 MB.
System memory in use after: 56.8 MB.

Unloading 4 unused Assets to reduce memory usage. Loaded Objects now: 1564.
Total: 1.651100 ms (FindLiveObjects: 0.126700 ms CreateObjectMapping: 0.042400 ms MarkObjects: 1.465500 ms  DeleteObjects: 0.014800 ms)

========================================================================
Received Prepare
Registering precompiled user dll's ...
Registered in 0.000481 seconds.
Begin MonoManager ReloadAssembly
Native extension for WindowsStandalone target not found
Native extension for WebGL target not found
Refreshing native plugins compatible for Editor in 0.19 ms, found 0 plugins.
Preloading 0 native plugins for Editor in 0.00 ms.
Invoked RoslynAnalysisRunner static constructor.
RoslynAnalysisRunner will not be running.
RoslynAnalysisRunner has terminated.
Mono: successfully reloaded assembly
- Completed reload, in  0.698 seconds
Platform modules already initialized, skipping
Refreshing native plugins compatible for Editor in 0.19 ms, found 0 plugins.
Preloading 0 native plugins for Editor in 0.00 ms.
Unloading 1104 Unused Serialized files (Serialized files now loaded: 0)
System memory in use before: 56.7 MB.
System memory in use after: 56.8 MB.

Unloading 4 unused Assets to reduce memory usage. Loaded Objects now: 1566.
Total: 1.852100 ms (FindLiveObjects: 0.178500 ms CreateObjectMapping: 0.066800 ms MarkObjects: 1.592500 ms  DeleteObjects: 0.013300 ms)

========================================================================
Received Prepare
Registering precompiled user dll's ...
Registered in 0.000485 seconds.
Begin MonoManager ReloadAssembly
Native extension for WindowsStandalone target not found
Native extension for WebGL target not found
Refreshing native plugins compatible for Editor in 0.19 ms, found 0 plugins.
Preloading 0 native plugins for Editor in 0.00 ms.
Invoked RoslynAnalysisRunner static constructor.
RoslynAnalysisRunner will not be running.
RoslynAnalysisRunner has terminated.
Mono: successfully reloaded assembly
- Completed reload, in  0.695 seconds
Platform modules already initialized, skipping
Refreshing native plugins compatible for Editor in 0.19 ms, found 0 plugins.
Preloading 0 native plugins for Editor in 0.00 ms.
Unloading 1104 Unused Serialized files (Serialized files now loaded: 0)
System memory in use before: 56.7 MB.
System memory in use after: 56.8 MB.

Unloading 4 unused Assets to reduce memory usage. Loaded Objects now: 1568.
Total: 1.703500 ms (FindLiveObjects: 0.133500 ms CreateObjectMapping: 0.044400 ms MarkObjects: 1.508500 ms  DeleteObjects: 0.015700 ms)

========================================================================
Received Prepare
Registering precompiled user dll's ...
Registered in 0.000494 seconds.
Begin MonoManager ReloadAssembly
Native extension for WindowsStandalone target not found
Native extension for WebGL target not found
Refreshing native plugins compatible for Editor in 0.21 ms, found 0 plugins.
Preloading 0 native plugins for Editor in 0.00 ms.
Invoked RoslynAnalysisRunner static constructor.
RoslynAnalysisRunner will not be running.
RoslynAnalysisRunner has terminated.
Mono: successfully reloaded assembly
- Completed reload, in  0.684 seconds
Platform modules already initialized, skipping
Refreshing native plugins compatible for Editor in 0.18 ms, found 0 plugins.
Preloading 0 native plugins for Editor in 0.00 ms.
Unloading 1104 Unused Serialized files (Serialized files now loaded: 0)
System memory in use before: 56.7 MB.
System memory in use after: 56.8 MB.

Unloading 4 unused Assets to reduce memory usage. Loaded Objects now: 1570.
Total: 1.649700 ms (FindLiveObjects: 0.119500 ms CreateObjectMapping: 0.044700 ms MarkObjects: 1.470600 ms  DeleteObjects: 0.013900 ms)

========================================================================
Received Prepare
Registering precompiled user dll's ...
Registered in 0.000677 seconds.
Begin MonoManager ReloadAssembly
Native extension for WindowsStandalone target not found
Native extension for WebGL target not found
Refreshing native plugins compatible for Editor in 0.21 ms, found 0 plugins.
Preloading 0 native plugins for Editor in 0.00 ms.
Invoked RoslynAnalysisRunner static constructor.
RoslynAnalysisRunner will not be running.
RoslynAnalysisRunner has terminated.
Mono: successfully reloaded assembly
- Completed reload, in  0.683 seconds
Platform modules already initialized, skipping
Refreshing native plugins compatible for Editor in 0.19 ms, found 0 plugins.
Preloading 0 native plugins for Editor in 0.00 ms.
Unloading 1104 Unused Serialized files (Serialized files now loaded: 0)
System memory in use before: 56.7 MB.
System memory in use after: 56.8 MB.

Unloading 4 unused Assets to reduce memory usage. Loaded Objects now: 1572.
Total: 1.585900 ms (FindLiveObjects: 0.172000 ms CreateObjectMapping: 0.053900 ms MarkObjects: 1.344300 ms  DeleteObjects: 0.014800 ms)

========================================================================
Received Import Request.
  Time since last request: 715.729572 seconds.
  path: Assets/Prefab/Arrow.prefab
  artifactKey: Guid(faa95f7a18d049546993dcaaea4b5301) Importer(815301076,1909f56bfc062723c751e8b465ee728b)
Start importing Assets/Prefab/Arrow.prefab using Guid(faa95f7a18d049546993dcaaea4b5301) Importer(815301076,1909f56bfc062723c751e8b465ee728b)  -> (artifact id: '21b0e83337479411a9c41d915490ee5f') in 0.126210 seconds
  Import took 0.149066 seconds .

========================================================================
Received Import Request.
  Time since last request: 0.000345 seconds.
  path: Assets/Prefab/Trap_3.prefab
  artifactKey: Guid(ffcdf7f208f153f47a625e1cab80f22f) Importer(815301076,1909f56bfc062723c751e8b465ee728b)
Start importing Assets/Prefab/Trap_3.prefab using Guid(ffcdf7f208f153f47a625e1cab80f22f) Importer(815301076,1909f56bfc062723c751e8b465ee728b)  -> (artifact id: 'fd470c59298e63de36a63701d0a0ba33') in 0.017016 seconds
  Import took 0.042931 seconds .

========================================================================
Received Import Request.
  Time since last request: 0.000306 seconds.
  path: Assets/Prefab/Trap_2.prefab
  artifactKey: Guid(6d8b82d543ac51a4eb563c0a34f0b21a) Importer(815301076,1909f56bfc062723c751e8b465ee728b)
Start importing Assets/Prefab/Trap_2.prefab using Guid(6d8b82d543ac51a4eb563c0a34f0b21a) Importer(815301076,1909f56bfc062723c751e8b465ee728b)  -> (artifact id: '6d9b586df2ebdc8ab37dcbf01660dcd3') in 0.018330 seconds
  Import took 0.048981 seconds .

========================================================================
Received Import Request.
  Time since last request: 0.000244 seconds.
  path: Assets/Prefab/Trap_1.prefab
  artifactKey: Guid(9e2a7d8fd82622143b3f81c3139c6099) Importer(815301076,1909f56bfc062723c751e8b465ee728b)
Start importing Assets/Prefab/Trap_1.prefab using Guid(9e2a7d8fd82622143b3f81c3139c6099) Importer(815301076,1909f56bfc062723c751e8b465ee728b)  -> (artifact id: 'cb08a701edd810ba0d9644dc89230f16') in 0.012486 seconds
  Import took 0.014500 seconds .

========================================================================
Received Prepare
Registering precompiled user dll's ...
Registered in 0.000548 seconds.
Begin MonoManager ReloadAssembly
Native extension for WindowsStandalone target not found
Native extension for WebGL target not found
Refreshing native plugins compatible for Editor in 0.19 ms, found 0 plugins.
Preloading 0 native plugins for Editor in 0.00 ms.
Invoked RoslynAnalysisRunner static constructor.
RoslynAnalysisRunner will not be running.
RoslynAnalysisRunner has terminated.
Mono: successfully reloaded assembly
- Completed reload, in  0.676 seconds
Platform modules already initialized, skipping
Refreshing native plugins compatible for Editor in 0.18 ms, found 0 plugins.
Preloading 0 native plugins for Editor in 0.00 ms.
Unloading 1104 Unused Serialized files (Serialized files now loaded: 0)
System memory in use before: 60.0 MB.
System memory in use after: 60.1 MB.

Unloading 5 unused Assets to reduce memory usage. Loaded Objects now: 1583.
Total: 1.634400 ms (FindLiveObjects: 0.122400 ms CreateObjectMapping: 0.033400 ms MarkObjects: 1.462300 ms  DeleteObjects: 0.015500 ms)

========================================================================
Received Import Request.
  Time since last request: 15.978487 seconds.
  path: Assets/Prefab/Trap_3.prefab
  artifactKey: Guid(ffcdf7f208f153f47a625e1cab80f22f) Importer(815301076,1909f56bfc062723c751e8b465ee728b)
Start importing Assets/Prefab/Trap_3.prefab using Guid(ffcdf7f208f153f47a625e1cab80f22f) Importer(815301076,1909f56bfc062723c751e8b465ee728b)  -> (artifact id: 'dcffa81174a11851b0a49e151f21b348') in 0.047680 seconds
  Import took 0.064880 seconds .

========================================================================
Received Import Request.
  Time since last request: 5.798889 seconds.
  path: Assets/Prefab/Trap_3.prefab
  artifactKey: Guid(ffcdf7f208f153f47a625e1cab80f22f) Importer(815301076,1909f56bfc062723c751e8b465ee728b)
Start importing Assets/Prefab/Trap_3.prefab using Guid(ffcdf7f208f153f47a625e1cab80f22f) Importer(815301076,1909f56bfc062723c751e8b465ee728b)  -> (artifact id: 'edbe4d80c6d07bd4ebb83493c20d9a8b') in 0.009074 seconds
  Import took 0.011116 seconds .

========================================================================
Received Prepare
Registering precompiled user dll's ...
Registered in 0.000580 seconds.
Begin MonoManager ReloadAssembly
Native extension for WindowsStandalone target not found
Native extension for WebGL target not found
Refreshing native plugins compatible for Editor in 0.19 ms, found 0 plugins.
Preloading 0 native plugins for Editor in 0.00 ms.
Invoked RoslynAnalysisRunner static constructor.
RoslynAnalysisRunner will not be running.
RoslynAnalysisRunner has terminated.
Mono: successfully reloaded assembly
- Completed reload, in  0.677 seconds
Platform modules already initialized, skipping
Refreshing native plugins compatible for Editor in 0.19 ms, found 0 plugins.
Preloading 0 native plugins for Editor in 0.00 ms.
Unloading 1104 Unused Serialized files (Serialized files now loaded: 0)
System memory in use before: 60.0 MB.
System memory in use after: 60.1 MB.

Unloading 5 unused Assets to reduce memory usage. Loaded Objects now: 1586.
Total: 1.582300 ms (FindLiveObjects: 0.131500 ms CreateObjectMapping: 0.032400 ms MarkObjects: 1.397900 ms  DeleteObjects: 0.019100 ms)

AssetImportWorkerClient::OnTransportError - code=2 error=End of file
